<?xml version="1.0" encoding="UTF-8"?>
<!-- Generated by org.testng.reporters.JUnitXMLReporter -->
<testsuite hostname="DESKTOP-A9DN365" ignored="1" name="Default test(failed)" tests="1" failures="1" timestamp="30 Sep 2021 01:56:45 GMT" time="0.128" errors="0">
  <testcase name="validateGMOonlineLoadedSuccessfully" time="0.022" classname="com.testNgTestCases.TestNgClass2">
    <failure type="java.lang.AssertionError" message="expected [Welcome to Green Mountain Outpos] but found [Welcome to Green Mountain Outpost]">
      <![CDATA[java.lang.AssertionError: expected [Welcome to Green Mountain Outpos] but found [Welcome to Green Mountain Outpost]
at com.testNgTestCases.TestNgClass2.validateGMOonlineLoadedSuccessfully(TestNgClass2.java:35)
... Removed 31 stack frames]]>
    </failure>
  </testcase> <!-- validateGMOonlineLoadedSuccessfully -->
  <testcase name="ValidateOnLineCatalogLoadedSuccessfully" time="0.0" classname="com.testNgTestCases.TestNgClass2">
    <ignored/>
  </testcase> <!-- ValidateOnLineCatalogLoadedSuccessfully -->
</testsuite> <!-- Default test(failed) -->
