<?xml version="1.0" encoding="UTF-8"?>
<!-- Generated by org.testng.reporters.JUnitXMLReporter -->
<testsuite hostname="DESKTOP-A9DN365" ignored="0" name="Default test" tests="2" failures="0" timestamp="29 Sep 2021 02:43:32 GMT" time="0.974" errors="0">
  <testcase name="validateGMOonlineLoadedSuccessfully" time="0.065" classname="com.testNgTestCases.TestNgClass2"/>
  <testcase name="ValidateOnLineCatalogLoadedSuccessfully" time="0.813" classname="com.testNgTestCases.TestNgClass2"/>
</testsuite> <!-- Default test -->
