<?xml version="1.0" encoding="UTF-8"?>
<!-- Generated by org.testng.reporters.JUnitXMLReporter -->
<testsuite hostname="DESKTOP-A9DN365" ignored="0" name="Test" tests="5" failures="0" timestamp="25 Sep 2021 02:21:28 GMT" time="0.077" errors="0">
  <testcase name="Testcase2" time="0.007" classname="com.testNgConcepts.TestNgClass1"/>
  <testcase name="Testcase3" time="0.006" classname="com.testNgConcepts.TestNgClass1"/>
  <testcase name="Testcase4" time="0.003" classname="com.testNgConcepts.TestNgClass1"/>
  <testcase name="Testcase5" time="0.001" classname="com.testNgConcepts.TestNgClass1"/>
  <testcase name="testcase1" time="0.003" classname="com.testNgConcepts.TestNgClass1"/>
</testsuite> <!-- Test -->
